0:0:0:0:0:0:0:1 - Sat Mar 28 17:04:16 HKT 2026 - / - 200 OK
0:0:0:0:0:0:0:1 - Sat Mar 28 17:05:11 HKT 2026 - / - 200 OK
0:0:0:0:0:0:0:1 - Sat Mar 28 17:35:48 HKT 2026 - /test.jpg - 404 Not Found
0:0:0:0:0:0:0:1 - Sat Mar 28 17:36:03 HKT 2026 - / - 200 OK
0:0:0:0:0:0:0:1 - Sat Mar 28 17:36:06 HKT 2026 - /GodzillaVsKong2500.jpg - 404 Not Found
0:0:0:0:0:0:0:1 - Sat Mar 28 17:36:11 HKT 2026 - /GodzillaVsKong2500.jpg.webp - 200 OK
0:0:0:0:0:0:0:1 - Sat Mar 28 17:36:44 HKT 2026 - /GodzillaVsKong2500.jpg - 200 OK
0:0:0:0:0:0:0:1 - Sat Mar 28 17:46:07 HKT 2026 - / - 200 OK
0:0:0:0:0:0:0:1 - Sat Mar 28 17:46:10 HKT 2026 - / - 200 OK
0:0:0:0:0:0:0:1 - Sun Mar 29 10:03:30 HKT 2026 - / - 200 OK
0:0:0:0:0:0:0:1 - Sun Mar 29 10:05:22 HKT 2026 - / - 200 OK
0:0:0:0:0:0:0:1 - Sun Mar 29 10:05:32 HKT 2026 - /missing.html - 404 Not Found
0:0:0:0:0:0:0:1 - Sun Mar 29 10:05:44 HKT 2026 - / - 200 OK
0:0:0:0:0:0:0:1 - Sun Mar 29 10:06:20 HKT 2026 - / - 400 Bad Request
0:0:0:0:0:0:0:1 - Sun Mar 29 10:06:57 HKT 2026 - /secret.txt - 404 Not Found
0:0:0:0:0:0:0:1 - Sun Mar 29 10:07:52 HKT 2026 - / - 304 Not Modified
0:0:0:0:0:0:0:1 - Sun Mar 29 10:09:41 HKT 2026 - /secret.txt - 404 Not Found
0:0:0:0:0:0:0:1 - Sun Mar 29 10:23:07 HKT 2026 - /secret.txt - 403 Forbidden
0:0:0:0:0:0:0:1 - Sun Mar 29 10:25:29 HKT 2026 - / - 200 OK
0:0:0:0:0:0:0:1 - Sun Mar 29 10:25:43 HKT 2026 - / - 200 OK
0:0:0:0:0:0:0:1 - Sun Mar 29 10:35:04 HKT 2026 - / - 200 OK
0:0:0:0:0:0:0:1 - Sun Mar 29 10:35:31 HKT 2026 - / - 200 OK
0:0:0:0:0:0:0:1 - Sun Mar 29 10:35:39 HKT 2026 - / - 200 OK
0:0:0:0:0:0:0:1 - Sun Mar 29 20:38:35 HKT 2026 - / - 200 OK
0:0:0:0:0:0:0:1 - Sun Mar 29 20:39:21 HKT 2026 - / - 200 OK
0:0:0:0:0:0:0:1 - Sun Mar 29 20:41:12 HKT 2026 - / - 200 OK
0:0:0:0:0:0:0:1 - Sun Mar 29 20:41:23 HKT 2026 - / - 200 OK
0:0:0:0:0:0:0:1 - Sun Mar 29 20:43:18 HKT 2026 - / - 200 OK
0:0:0:0:0:0:0:1 - Sun Mar 29 20:44:23 HKT 2026 - / - 200 OK
0:0:0:0:0:0:0:1 - Sun Mar 29 20:45:57 HKT 2026 - / - 200 OK
0:0:0:0:0:0:0:1 - Sun Mar 29 20:49:02 HKT 2026 - / - 200 OK
0:0:0:0:0:0:0:1 - Sun Mar 29 20:50:55 HKT 2026 - / - 304 Not Modified
0:0:0:0:0:0:0:1 - Sun Mar 29 22:32:39 HKT 2026 - / - 200 OK
